<?xml version="1.0" encoding="UTF-8"?>
<!-- Generated by org.testng.reporters.JUnitXMLReporter -->
<testsuite ignored="0" hostname="DESKTOP-9QJNAOQ" failures="0" tests="5" name="User group Management options" time="139.225" errors="0" timestamp="05 May 2022 16:54:13 GMT">
  <testcase classname="SecurityManager.UserGroupManagement" name="Login" time="20.146"/>
  <testcase classname="SecurityManager.UserGroupManagement" name="CreateUserGroup" time="30.998"/>
  <testcase classname="SecurityManager.UserGroupManagement" name="EditUserGroup" time="19.557"/>
  <testcase classname="SecurityManager.UserGroupManagement" name="DeleteUserGroup" time="24.581"/>
  <testcase classname="SecurityManager.UserGroupManagement" name="Logout" time="2.235"/>
</testsuite> <!-- User group Management options -->
