<?xml version="1.0" encoding="UTF-8"?>
<!-- Generated by org.testng.reporters.JUnitXMLReporter -->
<testsuite ignored="0" hostname="DESKTOP-9QJNAOQ" failures="0" tests="7" name="Audit reports options" time="212.807" errors="0" timestamp="05 May 2022 17:00:40 GMT">
  <testcase classname="Administration.AuditReport" name="Login" time="15.461"/>
  <testcase classname="Administration.AuditReport" name="SecurityManagerAuditReport" time="73.39"/>
  <testcase classname="Administration.AuditReport" name="LoginUsername" time="0.05"/>
  <testcase classname="Administration.AuditReport" name="SecurityRefresh" time="10.185"/>
  <testcase classname="Administration.AuditReport" name="MenuChangeIcon" time="22.518"/>
  <testcase classname="Administration.AuditReport" name="HelpIcon" time="16.462"/>
  <testcase classname="Administration.AuditReport" name="Logout" time="2.181"/>
</testsuite> <!-- Audit reports options -->
