<?xml version="1.0" encoding="UTF-8"?>
<!-- Generated by org.testng.reporters.JUnitXMLReporter -->
<testsuite ignored="0" hostname="DESKTOP-K4AEKHO" failures="0" tests="5" name="User Management options" time="123.865" errors="0" timestamp="2022-08-25T15:16:16 IST">
  <testcase classname="SecurityManager.UserManagement" name="Login" time="13.472"/>
  <testcase classname="SecurityManager.UserManagement" name="CreateUser" time="26.832"/>
  <testcase classname="SecurityManager.UserManagement" name="EditUser" time="19.495"/>
  <testcase classname="SecurityManager.UserManagement" name="DeleteUser" time="24.456"/>
  <testcase classname="SecurityManager.UserManagement" name="Logout" time="2.187"/>
</testsuite> <!-- User Management options -->
