<?xml version="1.0" encoding="UTF-8"?>
<!-- Generated by org.testng.reporters.JUnitXMLReporter -->
<testsuite ignored="0" hostname="DESKTOP-9QJNAOQ" failures="0" tests="9" name="Import data options" time="723.96" errors="0" timestamp="05 May 2022 17:13:14 GMT">
  <testcase classname="Administration.ImportData" name="Login" time="14.573"/>
  <testcase classname="Administration.ImportData" name="UploadUsers" time="88.5"/>
  <testcase classname="Administration.ImportData" name="UploadUserGroups" time="87.369"/>
  <testcase classname="Administration.ImportData" name="UploadRole" time="89.075"/>
  <testcase classname="Administration.ImportData" name="UploadServerGroups" time="87.435"/>
  <testcase classname="Administration.ImportData" name="UploadObjectGroups" time="87.411"/>
  <testcase classname="Administration.ImportData" name="UploadAudits" time="87.363"/>
  <testcase classname="Administration.ImportData" name="UploadTrusts" time="87.283"/>
  <testcase classname="Administration.ImportData" name="Logout" time="2.205"/>
</testsuite> <!-- Import data options -->
