<?xml version="1.0" encoding="UTF-8"?>
<!-- Generated by org.testng.reporters.JUnitXMLReporter -->
<testsuite ignored="0" hostname="DESKTOP-9QJNAOQ" failures="0" tests="5" name="Object group Management options" time="134.874" errors="0" timestamp="05 May 2022 16:39:19 GMT">
  <testcase classname="SecurityManager.ObjectGroupManagement" name="Login" time="19.018"/>
  <testcase classname="SecurityManager.ObjectGroupManagement" name="CreateObjectGroup" time="26.867"/>
  <testcase classname="SecurityManager.ObjectGroupManagement" name="EditObjectGroup" time="19.487"/>
  <testcase classname="SecurityManager.ObjectGroupManagement" name="DeleteObjectGroup" time="24.571"/>
  <testcase classname="SecurityManager.ObjectGroupManagement" name="Logout" time="2.318"/>
</testsuite> <!-- Object group Management options -->
