<?xml version="1.0" encoding="UTF-8"?>
<!-- Generated by org.testng.reporters.JUnitXMLReporter -->
<testsuite ignored="0" hostname="DESKTOP-9QJNAOQ" failures="0" tests="5" name="Audit Management options" time="139.009" errors="0" timestamp="05 May 2022 16:36:47 GMT">
  <testcase classname="SecurityManager.AuditManagement" name="Login" time="16.25"/>
  <testcase classname="SecurityManager.AuditManagement" name="CreateAudit" time="33.429"/>
  <testcase classname="SecurityManager.AuditManagement" name="EditAudit" time="21.547"/>
  <testcase classname="SecurityManager.AuditManagement" name="DeleteAudit" time="24.555"/>
  <testcase classname="SecurityManager.AuditManagement" name="Logout" time="2.428"/>
</testsuite> <!-- Audit Management options -->
