<?xml version="1.0" encoding="UTF-8"?>
<!-- Generated by org.testng.reporters.JUnitXMLReporter -->
<testsuite ignored="0" hostname="DESKTOP-K4AEKHO" failures="0" tests="9" name="APIRoleManagement options" time="169.495" errors="0" timestamp="2022-11-30T17:39:36 IST">
  <testcase classname="Administration.APIRoleManagement" name="Login" time="13.384"/>
  <testcase classname="Administration.APIRoleManagement" name="createAPIRole" time="46.924"/>
  <testcase classname="Administration.APIRoleManagement" name="HideIcon" time="4.392"/>
  <testcase classname="Administration.APIRoleManagement" name="AddHideRoleFromDisplayedAPIRole" time="15.639"/>
  <testcase classname="Administration.APIRoleManagement" name="DisplayGroups" time="28.885"/>
  <testcase classname="Administration.APIRoleManagement" name="EditAPIRole" time="16.632"/>
  <testcase classname="Administration.APIRoleManagement" name="CloneAPIRole" time="15.634"/>
  <testcase classname="Administration.APIRoleManagement" name="DeleteAPIRole" time="22.754"/>
  <testcase classname="Administration.APIRoleManagement" name="Logout" time="4.243"/>
</testsuite> <!-- APIRoleManagement options -->
