<?xml version="1.0" encoding="UTF-8"?>
<!-- Generated by org.testng.reporters.JUnitXMLReporter -->
<testsuite ignored="0" hostname="DESKTOP-9QJNAOQ" failures="0" tests="5" name="Server group Management options" time="128.706" errors="0" timestamp="05 May 2022 16:45:09 GMT">
  <testcase classname="SecurityManager.ServerGroupManagement" name="Login" time="15.976"/>
  <testcase classname="SecurityManager.ServerGroupManagement" name="CreateServerGroup" time="26.898"/>
  <testcase classname="SecurityManager.ServerGroupManagement" name="EditServerGroup" time="19.527"/>
  <testcase classname="SecurityManager.ServerGroupManagement" name="DeleteServerGroup" time="24.545"/>
  <testcase classname="SecurityManager.ServerGroupManagement" name="Logout" time="2.262"/>
</testsuite> <!-- Server group Management options -->
