<?xml version="1.0" encoding="UTF-8"?>
<testng-results ignored="0" total="9" passed="9" failed="0" skipped="0">
  <reporter-output>
    <line>
      <![CDATA[<br/>]]>
    </line>
    <line>
      <![CDATA[<img src=" E:\Automation\ApodWSM/Screenshots/ScreenshotsSuccess/Login.png" alt="""/" />]]>
    </line>
    <line>
      <![CDATA[<br/>]]>
    </line>
    <line>
      <![CDATA[<img src=" E:\Automation\ApodWSM/Screenshots/ScreenshotsSuccess/createAPIRole.png" alt="""/" />]]>
    </line>
    <line>
      <![CDATA[<br/>]]>
    </line>
    <line>
      <![CDATA[<img src=" E:\Automation\ApodWSM/Screenshots/ScreenshotsSuccess/HideIcon.png" alt="""/" />]]>
    </line>
    <line>
      <![CDATA[<br/>]]>
    </line>
    <line>
      <![CDATA[<img src=" E:\Automation\ApodWSM/Screenshots/ScreenshotsSuccess/AddHideRoleFromDisplayedAPIRole.png" alt="""/" />]]>
    </line>
    <line>
      <![CDATA[<br/>]]>
    </line>
    <line>
      <![CDATA[<img src=" E:\Automation\ApodWSM/Screenshots/ScreenshotsSuccess/DisplayGroups.png" alt="""/" />]]>
    </line>
    <line>
      <![CDATA[<br/>]]>
    </line>
    <line>
      <![CDATA[<img src=" E:\Automation\ApodWSM/Screenshots/ScreenshotsSuccess/EditAPIRole.png" alt="""/" />]]>
    </line>
    <line>
      <![CDATA[<br/>]]>
    </line>
    <line>
      <![CDATA[<img src=" E:\Automation\ApodWSM/Screenshots/ScreenshotsSuccess/CloneAPIRole.png" alt="""/" />]]>
    </line>
    <line>
      <![CDATA[<br/>]]>
    </line>
    <line>
      <![CDATA[<img src=" E:\Automation\ApodWSM/Screenshots/ScreenshotsSuccess/DeleteAPIRole.png" alt="""/" />]]>
    </line>
  </reporter-output>
  <suite started-at="2022-11-30T17:36:46 IST" name="APIRoleManagement" finished-at="2022-11-30T17:39:36 IST" duration-ms="169495">
    <groups>
    </groups>
    <test started-at="2022-11-30T17:36:46 IST" name="APIRoleManagement options" finished-at="2022-11-30T17:39:36 IST" duration-ms="169495">
      <class name="Administration.APIRoleManagement">
        <test-method is-config="true" signature="beforeTest()[pri:0, instance:Administration.APIRoleManagement@2cdd0d4b]" started-at="2022-11-30T17:36:46 IST" name="beforeTest" finished-at="2022-11-30T17:36:46 IST" duration-ms="10" status="PASS">
          <reporter-output>
          </reporter-output>
        </test-method> <!-- beforeTest -->
        <test-method signature="Login(java.lang.String, java.lang.String, org.testng.ITestContext)[pri:0, instance:Administration.APIRoleManagement@2cdd0d4b]" started-at="2022-11-30T17:36:46 IST" name="Login" finished-at="2022-11-30T17:37:00 IST" duration-ms="13384" status="PASS">
          <params>
            <param index="0">
              <value>
                <![CDATA[webdriver.chrome.driver]]>
              </value>
            </param>
            <param index="1">
              <value>
                <![CDATA[Drivers\\chromedriver.exe]]>
              </value>
            </param>
            <param index="2">
              <value>
                <![CDATA[org.testng.TestRunner@437da279]]>
              </value>
            </param>
          </params>
          <reporter-output>
            <line>
              <![CDATA[<br/>]]>
            </line>
            <line>
              <![CDATA[<img src=" E:\Automation\ApodWSM/Screenshots/ScreenshotsSuccess/Login.png" alt="""/" />]]>
            </line>
          </reporter-output>
        </test-method> <!-- Login -->
        <test-method is-config="true" signature="tearDown(org.testng.ITestResult)[pri:0, instance:Administration.APIRoleManagement@2cdd0d4b]" started-at="2022-11-30T17:37:00 IST" name="tearDown" finished-at="2022-11-30T17:37:00 IST" duration-ms="199" status="PASS">
          <params>
            <param index="0">
              <value>
                <![CDATA[[TestResult name=Login status=SUCCESS method=APIRoleManagement.Login(java.lang.String, java.lang.String, org.testng.ITestContext)[pri:0, instance:Administration.APIRoleManagement@2cdd0d4b] output=<br/>]]]>
              </value>
            </param>
          </params>
          <reporter-output>
          </reporter-output>
        </test-method> <!-- tearDown -->
        <test-method signature="createAPIRole(java.lang.String, java.lang.String, org.testng.ITestContext)[pri:1, instance:Administration.APIRoleManagement@2cdd0d4b]" started-at="2022-11-30T17:37:00 IST" name="createAPIRole" finished-at="2022-11-30T17:37:47 IST" duration-ms="46924" status="PASS">
          <params>
            <param index="0">
              <value>
                <![CDATA[New API Role]]>
              </value>
            </param>
            <param index="1">
              <value>
                <![CDATA[Administrators]]>
              </value>
            </param>
            <param index="2">
              <value>
                <![CDATA[org.testng.TestRunner@437da279]]>
              </value>
            </param>
          </params>
          <reporter-output>
            <line>
              <![CDATA[<br/>]]>
            </line>
            <line>
              <![CDATA[<img src=" E:\Automation\ApodWSM/Screenshots/ScreenshotsSuccess/createAPIRole.png" alt="""/" />]]>
            </line>
          </reporter-output>
        </test-method> <!-- createAPIRole -->
        <test-method is-config="true" signature="tearDown(org.testng.ITestResult)[pri:0, instance:Administration.APIRoleManagement@2cdd0d4b]" started-at="2022-11-30T17:37:47 IST" name="tearDown" finished-at="2022-11-30T17:37:47 IST" duration-ms="108" status="PASS">
          <params>
            <param index="0">
              <value>
                <![CDATA[[TestResult name=createAPIRole status=SUCCESS method=APIRoleManagement.createAPIRole(java.lang.String, java.lang.String, org.testng.ITestContext)[pri:1, instance:Administration.APIRoleManagement@2cdd0d4b] output=<br/>]]]>
              </value>
            </param>
          </params>
          <reporter-output>
          </reporter-output>
        </test-method> <!-- tearDown -->
        <test-method signature="HideIcon(java.lang.String, org.testng.ITestContext)[pri:2, instance:Administration.APIRoleManagement@2cdd0d4b]" started-at="2022-11-30T17:37:47 IST" name="HideIcon" finished-at="2022-11-30T17:37:51 IST" duration-ms="4392" status="PASS">
          <params>
            <param index="0">
              <value>
                <![CDATA[New API Role]]>
              </value>
            </param>
            <param index="1">
              <value>
                <![CDATA[org.testng.TestRunner@437da279]]>
              </value>
            </param>
          </params>
          <reporter-output>
            <line>
              <![CDATA[<br/>]]>
            </line>
            <line>
              <![CDATA[<img src=" E:\Automation\ApodWSM/Screenshots/ScreenshotsSuccess/HideIcon.png" alt="""/" />]]>
            </line>
          </reporter-output>
        </test-method> <!-- HideIcon -->
        <test-method is-config="true" signature="tearDown(org.testng.ITestResult)[pri:0, instance:Administration.APIRoleManagement@2cdd0d4b]" started-at="2022-11-30T17:37:51 IST" name="tearDown" finished-at="2022-11-30T17:37:52 IST" duration-ms="144" status="PASS">
          <params>
            <param index="0">
              <value>
                <![CDATA[[TestResult name=HideIcon status=SUCCESS method=APIRoleManagement.HideIcon(java.lang.String, org.testng.ITestContext)[pri:2, instance:Administration.APIRoleManagement@2cdd0d4b] output=<br/>]]]>
              </value>
            </param>
          </params>
          <reporter-output>
          </reporter-output>
        </test-method> <!-- tearDown -->
        <test-method signature="AddHideRoleFromDisplayedAPIRole(java.lang.String, org.testng.ITestContext)[pri:3, instance:Administration.APIRoleManagement@2cdd0d4b]" started-at="2022-11-30T17:37:52 IST" name="AddHideRoleFromDisplayedAPIRole" finished-at="2022-11-30T17:38:07 IST" duration-ms="15639" status="PASS">
          <params>
            <param index="0">
              <value>
                <![CDATA[New API Role]]>
              </value>
            </param>
            <param index="1">
              <value>
                <![CDATA[org.testng.TestRunner@437da279]]>
              </value>
            </param>
          </params>
          <reporter-output>
            <line>
              <![CDATA[<br/>]]>
            </line>
            <line>
              <![CDATA[<img src=" E:\Automation\ApodWSM/Screenshots/ScreenshotsSuccess/AddHideRoleFromDisplayedAPIRole.png" alt="""/" />]]>
            </line>
          </reporter-output>
        </test-method> <!-- AddHideRoleFromDisplayedAPIRole -->
        <test-method is-config="true" signature="tearDown(org.testng.ITestResult)[pri:0, instance:Administration.APIRoleManagement@2cdd0d4b]" started-at="2022-11-30T17:38:07 IST" name="tearDown" finished-at="2022-11-30T17:38:07 IST" duration-ms="124" status="PASS">
          <params>
            <param index="0">
              <value>
                <![CDATA[[TestResult name=AddHideRoleFromDisplayedAPIRole status=SUCCESS method=APIRoleManagement.AddHideRoleFromDisplayedAPIRole(java.lang.String, org.testng.ITestContext)[pri:3, instance:Administration.APIRoleManagement@2cdd0d4b] output=<br/>]]]>
              </value>
            </param>
          </params>
          <reporter-output>
          </reporter-output>
        </test-method> <!-- tearDown -->
        <test-method signature="DisplayGroups(java.lang.String, java.lang.String, org.testng.ITestContext)[pri:4, instance:Administration.APIRoleManagement@2cdd0d4b]" started-at="2022-11-30T17:38:07 IST" name="DisplayGroups" finished-at="2022-11-30T17:38:36 IST" duration-ms="28885" status="PASS">
          <params>
            <param index="0">
              <value>
                <![CDATA[New API Role]]>
              </value>
            </param>
            <param index="1">
              <value>
                <![CDATA[Operators]]>
              </value>
            </param>
            <param index="2">
              <value>
                <![CDATA[org.testng.TestRunner@437da279]]>
              </value>
            </param>
          </params>
          <reporter-output>
            <line>
              <![CDATA[<br/>]]>
            </line>
            <line>
              <![CDATA[<img src=" E:\Automation\ApodWSM/Screenshots/ScreenshotsSuccess/DisplayGroups.png" alt="""/" />]]>
            </line>
          </reporter-output>
        </test-method> <!-- DisplayGroups -->
        <test-method is-config="true" signature="tearDown(org.testng.ITestResult)[pri:0, instance:Administration.APIRoleManagement@2cdd0d4b]" started-at="2022-11-30T17:38:36 IST" name="tearDown" finished-at="2022-11-30T17:38:36 IST" duration-ms="91" status="PASS">
          <params>
            <param index="0">
              <value>
                <![CDATA[[TestResult name=DisplayGroups status=SUCCESS method=APIRoleManagement.DisplayGroups(java.lang.String, java.lang.String, org.testng.ITestContext)[pri:4, instance:Administration.APIRoleManagement@2cdd0d4b] output=<br/>]]]>
              </value>
            </param>
          </params>
          <reporter-output>
          </reporter-output>
        </test-method> <!-- tearDown -->
        <test-method signature="EditAPIRole(java.lang.String, java.lang.String, org.testng.ITestContext)[pri:5, instance:Administration.APIRoleManagement@2cdd0d4b]" started-at="2022-11-30T17:38:36 IST" name="EditAPIRole" finished-at="2022-11-30T17:38:53 IST" duration-ms="16632" status="PASS">
          <params>
            <param index="0">
              <value>
                <![CDATA[New API Role]]>
              </value>
            </param>
            <param index="1">
              <value>
                <![CDATA[UpdatedAPIRole]]>
              </value>
            </param>
            <param index="2">
              <value>
                <![CDATA[org.testng.TestRunner@437da279]]>
              </value>
            </param>
          </params>
          <reporter-output>
            <line>
              <![CDATA[<br/>]]>
            </line>
            <line>
              <![CDATA[<img src=" E:\Automation\ApodWSM/Screenshots/ScreenshotsSuccess/EditAPIRole.png" alt="""/" />]]>
            </line>
          </reporter-output>
        </test-method> <!-- EditAPIRole -->
        <test-method is-config="true" signature="tearDown(org.testng.ITestResult)[pri:0, instance:Administration.APIRoleManagement@2cdd0d4b]" started-at="2022-11-30T17:38:53 IST" name="tearDown" finished-at="2022-11-30T17:38:53 IST" duration-ms="96" status="PASS">
          <params>
            <param index="0">
              <value>
                <![CDATA[[TestResult name=EditAPIRole status=SUCCESS method=APIRoleManagement.EditAPIRole(java.lang.String, java.lang.String, org.testng.ITestContext)[pri:5, instance:Administration.APIRoleManagement@2cdd0d4b] output=<br/>]]]>
              </value>
            </param>
          </params>
          <reporter-output>
          </reporter-output>
        </test-method> <!-- tearDown -->
        <test-method signature="CloneAPIRole(java.lang.String, java.lang.String, org.testng.ITestContext)[pri:6, instance:Administration.APIRoleManagement@2cdd0d4b]" started-at="2022-11-30T17:38:53 IST" name="CloneAPIRole" finished-at="2022-11-30T17:39:09 IST" duration-ms="15634" status="PASS">
          <params>
            <param index="0">
              <value>
                <![CDATA[UpdatedAPIRole]]>
              </value>
            </param>
            <param index="1">
              <value>
                <![CDATA[Cloneapirole]]>
              </value>
            </param>
            <param index="2">
              <value>
                <![CDATA[org.testng.TestRunner@437da279]]>
              </value>
            </param>
          </params>
          <reporter-output>
            <line>
              <![CDATA[<br/>]]>
            </line>
            <line>
              <![CDATA[<img src=" E:\Automation\ApodWSM/Screenshots/ScreenshotsSuccess/CloneAPIRole.png" alt="""/" />]]>
            </line>
          </reporter-output>
        </test-method> <!-- CloneAPIRole -->
        <test-method is-config="true" signature="tearDown(org.testng.ITestResult)[pri:0, instance:Administration.APIRoleManagement@2cdd0d4b]" started-at="2022-11-30T17:39:09 IST" name="tearDown" finished-at="2022-11-30T17:39:09 IST" duration-ms="102" status="PASS">
          <params>
            <param index="0">
              <value>
                <![CDATA[[TestResult name=CloneAPIRole status=SUCCESS method=APIRoleManagement.CloneAPIRole(java.lang.String, java.lang.String, org.testng.ITestContext)[pri:6, instance:Administration.APIRoleManagement@2cdd0d4b] output=<br/>]]]>
              </value>
            </param>
          </params>
          <reporter-output>
          </reporter-output>
        </test-method> <!-- tearDown -->
        <test-method signature="DeleteAPIRole(java.lang.String, java.lang.String, org.testng.ITestContext)[pri:7, instance:Administration.APIRoleManagement@2cdd0d4b]" started-at="2022-11-30T17:39:09 IST" name="DeleteAPIRole" finished-at="2022-11-30T17:39:31 IST" duration-ms="22754" status="PASS">
          <params>
            <param index="0">
              <value>
                <![CDATA[UpdatedAPIRole]]>
              </value>
            </param>
            <param index="1">
              <value>
                <![CDATA[Cloneapirole]]>
              </value>
            </param>
            <param index="2">
              <value>
                <![CDATA[org.testng.TestRunner@437da279]]>
              </value>
            </param>
          </params>
          <reporter-output>
            <line>
              <![CDATA[<br/>]]>
            </line>
            <line>
              <![CDATA[<img src=" E:\Automation\ApodWSM/Screenshots/ScreenshotsSuccess/DeleteAPIRole.png" alt="""/" />]]>
            </line>
          </reporter-output>
        </test-method> <!-- DeleteAPIRole -->
        <test-method is-config="true" signature="tearDown(org.testng.ITestResult)[pri:0, instance:Administration.APIRoleManagement@2cdd0d4b]" started-at="2022-11-30T17:39:31 IST" name="tearDown" finished-at="2022-11-30T17:39:32 IST" duration-ms="86" status="PASS">
          <params>
            <param index="0">
              <value>
                <![CDATA[[TestResult name=DeleteAPIRole status=SUCCESS method=APIRoleManagement.DeleteAPIRole(java.lang.String, java.lang.String, org.testng.ITestContext)[pri:7, instance:Administration.APIRoleManagement@2cdd0d4b] output=<br/>]]]>
              </value>
            </param>
          </params>
          <reporter-output>
          </reporter-output>
        </test-method> <!-- tearDown -->
        <test-method signature="Logout()[pri:8, instance:Administration.APIRoleManagement@2cdd0d4b]" started-at="2022-11-30T17:39:32 IST" name="Logout" finished-at="2022-11-30T17:39:36 IST" duration-ms="4243" status="PASS">
          <reporter-output>
          </reporter-output>
        </test-method> <!-- Logout -->
        <test-method is-config="true" signature="tearDown(org.testng.ITestResult)[pri:0, instance:Administration.APIRoleManagement@2cdd0d4b]" started-at="2022-11-30T17:39:36 IST" name="tearDown" finished-at="2022-11-30T17:39:36 IST" duration-ms="1" status="PASS">
          <params>
            <param index="0">
              <value>
                <![CDATA[[TestResult name=Logout status=SUCCESS method=APIRoleManagement.Logout()[pri:8, instance:Administration.APIRoleManagement@2cdd0d4b] output={null}]]]>
              </value>
            </param>
          </params>
          <reporter-output>
          </reporter-output>
        </test-method> <!-- tearDown -->
      </class> <!-- Administration.APIRoleManagement -->
    </test> <!-- APIRoleManagement options -->
  </suite> <!-- APIRoleManagement -->
</testng-results>
