<?xml version="1.0" encoding="UTF-8"?>
<!-- Generated by org.testng.reporters.JUnitXMLReporter -->
<testsuite ignored="0" hostname="DESKTOP-9QJNAOQ" failures="0" tests="6" name="Role Management options" time="173.61" errors="0" timestamp="05 May 2022 16:42:42 GMT">
  <testcase classname="SecurityManager.RoleManagement" name="Login" time="17.007"/>
  <testcase classname="SecurityManager.RoleManagement" name="CreateRole" time="27.062"/>
  <testcase classname="SecurityManager.RoleManagement" name="EditRole" time="29.074"/>
  <testcase classname="SecurityManager.RoleManagement" name="CloneRole" time="24.717"/>
  <testcase classname="SecurityManager.RoleManagement" name="DeleteRole" time="19.62"/>
  <testcase classname="SecurityManager.RoleManagement" name="Logout" time="2.209"/>
</testsuite> <!-- Role Management options -->
