<?xml version="1.0" encoding="UTF-8"?>
<!-- Generated by org.testng.reporters.JUnitXMLReporter -->
<testsuite ignored="0" hostname="DESKTOP-9QJNAOQ" failures="0" tests="5" name="Trust Management options" time="147.845" errors="0" timestamp="05 May 2022 16:48:00 GMT">
  <testcase classname="SecurityManager.TrustManagement" name="Login" time="23.456"/>
  <testcase classname="SecurityManager.TrustManagement" name="CreateTrust" time="35.31"/>
  <testcase classname="SecurityManager.TrustManagement" name="EditTrust" time="21.478"/>
  <testcase classname="SecurityManager.TrustManagement" name="DeleteTrust" time="24.499"/>
  <testcase classname="SecurityManager.TrustManagement" name="Logout" time="2.352"/>
</testsuite> <!-- Trust Management options -->
